<?xml version="1.0" encoding="UTF-8"?>
<!-- Generated by org.testng.reporters.JUnitXMLReporter -->
<testsuite ignored="2" hostname="Bhavana" failures="1" tests="2" name="Test1" time="11.343" errors="0" timestamp="2023-09-20T18:15:20 IST">
  <testcase classname="com.Product.CreateProductPOM" name="createProductPOM" time="2.811"/>
  <testcase classname="com.Employee.Create_EmployeePOM" name="create_EmployeePOM" time="2.458">
    <failure type="java.lang.AssertionError" message="null">
      <![CDATA[java.lang.AssertionError: null
at com.Employee.Create_EmployeePOM.create_EmployeePOM(Create_EmployeePOM.java:43)
at java.base/java.util.ArrayList.forEach(ArrayList.java:1511)
at java.base/java.util.concurrent.FutureTask.run(FutureTask.java:264)
at java.base/java.util.concurrent.ThreadPoolExecutor.runWorker(ThreadPoolExecutor.java:1136)
at java.base/java.util.concurrent.ThreadPoolExecutor$Worker.run(ThreadPoolExecutor.java:635)
at java.base/java.lang.Thread.run(Thread.java:833)
... Removed 19 stack frames]]>
    </failure>
  </testcase> <!-- create_EmployeePOM -->
  <testcase classname="com.SalesAndInventory.genericUtils.BaseClass" name="@AfterSuite confgAS" time="0.0">
    <ignored/>
  </testcase> <!-- @AfterSuite confgAS -->
  <testcase classname="com.SalesAndInventory.genericUtils.BaseClass" name="@BeforeSuite confgBS" time="0.0">
    <ignored/>
  </testcase> <!-- @BeforeSuite confgBS -->
</testsuite> <!-- Test1 -->
