<?xml version="1.0" encoding="UTF-8"?>
<!-- Generated by org.testng.reporters.JUnitXMLReporter -->
<testsuite ignored="8" hostname="Bhavana" failures="1" tests="5" name="Test2" time="23.554" errors="0" timestamp="2023-09-20T18:15:32 IST">
  <testcase classname="com.Homepage.SupplierRecordCountPOM" name="supplierRecordCountPOM" time="2.539"/>
  <testcase classname="com.POS.PlacingOrderByCreatingCusPOM" name="placingOrderByCreatingCusPOM" time="4.104"/>
  <testcase classname="com.Inventory.EditInventoryPOM" name="editInventoryPOM" time="1.23"/>
  <testcase classname="com.POS.POS_PagePOM" name="pOS_PagePOM" time="1.306">
    <failure type="java.lang.AssertionError" message="null">
      <![CDATA[java.lang.AssertionError: null
at com.POS.POS_PagePOM.pOS_PagePOM(POS_PagePOM.java:40)
at java.base/java.util.ArrayList.forEach(ArrayList.java:1511)
at java.base/java.util.concurrent.FutureTask.run(FutureTask.java:264)
at java.base/java.util.concurrent.ThreadPoolExecutor.runWorker(ThreadPoolExecutor.java:1136)
at java.base/java.util.concurrent.ThreadPoolExecutor$Worker.run(ThreadPoolExecutor.java:635)
at java.base/java.lang.Thread.run(Thread.java:833)
... Removed 19 stack frames]]>
    </failure>
  </testcase> <!-- pOS_PagePOM -->
  <testcase classname="com.POS.PlacingOrderForMultipleProductsPOM" name="placingOrderForMultipleProductsPOM" time="2.64"/>
  <testcase classname="com.SalesAndInventory.genericUtils.BaseClass" name="@AfterSuite confgAS" time="0.0">
    <ignored/>
  </testcase> <!-- @AfterSuite confgAS -->
  <testcase classname="com.SalesAndInventory.genericUtils.BaseClass" name="@BeforeSuite confgBS" time="0.0">
    <ignored/>
  </testcase> <!-- @BeforeSuite confgBS -->
  <testcase classname="com.SalesAndInventory.genericUtils.BaseClass" name="@AfterSuite confgAS" time="0.0">
    <ignored/>
  </testcase> <!-- @AfterSuite confgAS -->
  <testcase classname="com.SalesAndInventory.genericUtils.BaseClass" name="@AfterSuite confgAS" time="0.0">
    <ignored/>
  </testcase> <!-- @AfterSuite confgAS -->
  <testcase classname="com.SalesAndInventory.genericUtils.BaseClass" name="@BeforeSuite confgBS" time="0.0">
    <ignored/>
  </testcase> <!-- @BeforeSuite confgBS -->
  <testcase classname="com.SalesAndInventory.genericUtils.BaseClass" name="@BeforeSuite confgBS" time="0.0">
    <ignored/>
  </testcase> <!-- @BeforeSuite confgBS -->
  <testcase classname="com.SalesAndInventory.genericUtils.BaseClass" name="@BeforeSuite confgBS" time="0.0">
    <ignored/>
  </testcase> <!-- @BeforeSuite confgBS -->
  <testcase classname="com.SalesAndInventory.genericUtils.BaseClass" name="@AfterSuite confgAS" time="0.0">
    <ignored/>
  </testcase> <!-- @AfterSuite confgAS -->
</testsuite> <!-- Test2 -->
