<?xml version="1.0" encoding="UTF-8"?>
<!-- Generated by org.testng.reporters.JUnitXMLReporter -->
<testsuite ignored="4" hostname="Bhavana" failures="0" tests="3" name="TestRunner-2" time="13.41" errors="0" timestamp="2023-09-20T10:42:29 IST">
  <testcase classname="TestNG.Sample" name="sample" time="0.001"/>
  <testcase classname="TestNG.Demo" name="demo" time="0.001"/>
  <testcase classname="TestNG.Simple" name="simple" time="0.001"/>
  <testcase classname="com.SalesAndInventory.genericUtils.BaseClass" name="@AfterSuite confgAS" time="0.0">
    <ignored/>
  </testcase> <!-- @AfterSuite confgAS -->
  <testcase classname="com.SalesAndInventory.genericUtils.BaseClass" name="@BeforeSuite confgBS" time="0.0">
    <ignored/>
  </testcase> <!-- @BeforeSuite confgBS -->
  <testcase classname="com.SalesAndInventory.genericUtils.BaseClass" name="@BeforeSuite confgBS" time="0.0">
    <ignored/>
  </testcase> <!-- @BeforeSuite confgBS -->
  <testcase classname="com.SalesAndInventory.genericUtils.BaseClass" name="@AfterSuite confgAS" time="0.0">
    <ignored/>
  </testcase> <!-- @AfterSuite confgAS -->
</testsuite> <!-- TestRunner-2 -->
