<?xml version="1.0" encoding="UTF-8"?>
<!-- Generated by org.testng.reporters.JUnitXMLReporter -->
<testsuite ignored="4" hostname="Bhavana" failures="0" tests="3" name="TestRunner-1" time="8.432" errors="0" timestamp="2023-09-20T10:42:24 IST">
  <testcase classname="TestNG.Sample" name="sample" time="0.011"/>
  <testcase classname="TestNG.Demo" name="demo" time="0.002"/>
  <testcase classname="TestNG.Simple" name="simple" time="0.002"/>
  <testcase classname="com.SalesAndInventory.genericUtils.BaseClass" name="@BeforeSuite confgBS" time="0.0">
    <ignored/>
  </testcase> <!-- @BeforeSuite confgBS -->
  <testcase classname="com.SalesAndInventory.genericUtils.BaseClass" name="@AfterSuite confgAS" time="0.0">
    <ignored/>
  </testcase> <!-- @AfterSuite confgAS -->
  <testcase classname="com.SalesAndInventory.genericUtils.BaseClass" name="@AfterSuite confgAS" time="0.0">
    <ignored/>
  </testcase> <!-- @AfterSuite confgAS -->
  <testcase classname="com.SalesAndInventory.genericUtils.BaseClass" name="@BeforeSuite confgBS" time="0.0">
    <ignored/>
  </testcase> <!-- @BeforeSuite confgBS -->
</testsuite> <!-- TestRunner-1 -->
